<?xml version="1.0" encoding="windows-1252" standalone="no"?>
<!DOCTYPE log SYSTEM "logger.dtd">
<log>
<record>
  <date>2013-02-11T17:40:13</date>
  <millis>1360600813507</millis>
  <sequence>0</sequence>
  <logger>jMetal</logger>
  <level>INFO</level>
  <class>runtime.Main</class>
  <method>main</method>
  <thread>1</thread>
  <message>Total execution time: 887ms</message>
</record>
<record>
  <date>2013-02-11T17:40:13</date>
  <millis>1360600813558</millis>
  <sequence>1</sequence>
  <logger>jMetal</logger>
  <level>INFO</level>
  <class>runtime.Main</class>
  <method>main</method>
  <thread>1</thread>
  <message>Variables values have been writen to file VAR</message>
</record>
<record>
  <date>2013-02-11T17:40:13</date>
  <millis>1360600813587</millis>
  <sequence>2</sequence>
  <logger>jMetal</logger>
  <level>INFO</level>
  <class>runtime.Main</class>
  <method>main</method>
  <thread>1</thread>
  <message>Objectives values have been writen to file FUN</message>
</record>
</log>
